TN:
SF:bin/vroutify.mjs
FN:9,main
FNF:1
FNH:1
FNDA:1,main
DA:1,1
DA:2,1
DA:3,1
DA:4,1
DA:5,1
DA:6,1
DA:7,1
DA:8,1
DA:9,1
DA:10,1
DA:11,1
DA:12,1
DA:13,1
DA:14,1
DA:15,1
DA:16,10
DA:17,1
DA:18,10
DA:19,1
DA:20,9
DA:21,1
DA:22,8
DA:23,1
DA:24,1
DA:25,1
DA:26,1
DA:27,1
DA:28,1
DA:29,1
DA:30,1
DA:31,1
LF:31
LH:31
BRDA:1,0,0,1
BRDA:9,1,0,1
BRDA:15,2,0,10
BRDA:16,3,0,1
BRDA:18,4,0,9
BRDA:18,5,0,1
BRDA:20,6,0,8
BRDA:20,7,0,1
BRDA:22,8,0,7
BRDA:22,9,0,1
BRF:10
BRH:10
end_of_record
TN:
SF:lib/index.mjs
FN:7,remove
FN:13,routeComparer
FN:17,extractImportStatments
FN:24,applyManualRoutingOpts
FN:60,createDynamicRouteProps
FN:71,createRoutes
FN:141,createRoutingObject
FN:162,vroutify
FNF:8
FNH:8
FNDA:14,remove
FNDA:8,routeComparer
FNDA:3,extractImportStatments
FNDA:3,applyManualRoutingOpts
FNDA:2,createDynamicRouteProps
FNDA:7,createRoutes
FNDA:1,createRoutingObject
FNDA:1,vroutify
DA:1,1
DA:2,1
DA:3,1
DA:4,1
DA:5,1
DA:6,1
DA:7,14
DA:8,14
DA:9,14
DA:10,9
DA:11,14
DA:12,1
DA:13,8
DA:14,8
DA:15,8
DA:16,1
DA:17,3
DA:18,3
DA:19,3
DA:20,3
DA:21,3
DA:22,3
DA:23,1
DA:24,3
DA:25,3
DA:26,3
DA:27,3
DA:28,3
DA:29,6
DA:30,1
DA:31,1
DA:32,1
DA:33,1
DA:34,1
DA:35,6
DA:36,3
DA:37,1
DA:38,1
DA:39,1
DA:40,1
DA:41,3
DA:42,3
DA:43,3
DA:44,3
DA:45,3
DA:46,3
DA:47,3
DA:48,1
DA:49,3
DA:50,3
DA:51,3
DA:52,3
DA:53,3
DA:54,3
DA:55,3
DA:56,3
DA:57,3
DA:58,3
DA:59,1
DA:60,2
DA:61,2
DA:62,2
DA:63,1
DA:64,1
DA:65,3
DA:66,3
DA:67,1
DA:68,2
DA:69,2
DA:70,1
DA:71,7
DA:72,7
DA:73,7
DA:74,7
DA:75,7
DA:76,7
DA:77,7
DA:78,7
DA:79,7
DA:80,7
DA:81,7
DA:82,7
DA:83,7
DA:84,7
DA:85,6
DA:86,6
DA:87,6
DA:88,6
DA:89,6
DA:90,6
DA:91,7
DA:92,3
DA:93,3
DA:94,7
DA:95,7
DA:96,2
DA:97,2
DA:98,7
DA:99,7
DA:100,10
DA:101,4
DA:102,2
DA:103,2
DA:104,4
DA:105,2
DA:106,2
DA:107,2
DA:108,2
DA:109,2
DA:110,4
DA:111,1
DA:112,1
DA:113,2
DA:114,2
DA:115,2
DA:116,2
DA:117,2
DA:118,10
DA:119,6
DA:120,6
DA:121,6
DA:122,6
DA:123,6
DA:124,6
DA:125,6
DA:126,6
DA:127,6
DA:128,6
DA:129,10
DA:130,7
DA:131,4
DA:132,4
DA:133,7
DA:134,7
DA:135,7
DA:136,7
DA:137,7
DA:138,7
DA:139,7
DA:140,1
DA:141,1
DA:142,1
DA:143,1
DA:144,1
DA:145,1
DA:146,1
DA:147,1
DA:148,1
DA:149,14
DA:150,14
DA:151,14
DA:152,1
DA:153,1
DA:154,10
DA:155,9
DA:156,9
DA:157,9
DA:158,1
DA:159,1
DA:160,1
DA:161,1
DA:162,1
DA:163,1
DA:164,1
DA:165,1
DA:166,1
DA:167,1
DA:168,1
DA:169,1
DA:170,1
DA:171,1
DA:172,1
DA:173,1
LF:173
LH:173
BRDA:1,0,0,1
BRDA:7,1,0,14
BRDA:9,2,0,5
BRDA:10,3,0,9
BRDA:13,4,0,8
BRDA:17,5,0,3
BRDA:20,6,0,23
BRDA:24,7,0,3
BRDA:28,8,0,6
BRDA:29,9,0,1
BRDA:36,10,0,1
BRDA:40,11,0,3
BRDA:43,12,0,1
BRDA:43,13,0,2
BRDA:60,14,0,2
BRDA:62,15,0,1
BRDA:64,16,0,3
BRDA:71,17,0,7
BRDA:79,18,0,1
BRDA:79,19,0,6
BRDA:84,20,0,6
BRDA:91,21,0,3
BRDA:95,22,0,2
BRDA:95,23,0,2
BRDA:99,24,0,10
BRDA:100,25,0,4
BRDA:101,26,0,2
BRDA:104,27,0,1
BRDA:105,28,0,2
BRDA:110,29,0,1
BRDA:113,30,0,2
BRDA:118,31,0,6
BRDA:125,32,0,2
BRDA:130,33,0,4
BRDA:74,34,0,21
BRDA:75,35,0,16
BRDA:76,36,0,13
BRDA:141,37,0,1
BRDA:142,38,0,0
BRDA:143,39,0,0
BRDA:144,40,0,0
BRDA:147,41,0,10
BRDA:148,42,0,14
BRDA:153,43,0,10
BRDA:154,44,0,1
BRDA:155,45,0,9
BRDA:162,46,0,1
BRF:47
BRH:44
end_of_record
